# JRE version: Java(TM) SE Runtime Environment (8.0_102-b14) (build 1.8.0_102-b14)
# Java VM: Java HotSpot(TM) 64-Bit Server VM (25.102-b14 mixed mode windows-amd64 compressed oops)
Heap:
 PSYoungGen      total 64000K, used 34958K [0x0000000775100000, 0x0000000779200000, 0x00000007c0000000)
  eden space 61440K, 56% used [0x0000000775100000,0x0000000777323a58,0x0000000778d00000)
  from space 2560K, 0% used [0x0000000778f80000,0x0000000778f80000,0x0000000779200000)
  to   space 2560K, 0% used [0x0000000778d00000,0x0000000778d00000,0x0000000778f80000)
 ParOldGen       total 47616K, used 16369K [0x00000006df200000, 0x00000006e2080000, 0x0000000775100000)
  object space 47616K, 34% used [0x00000006df200000,0x00000006e01fc510,0x00000006e2080000)
 Metaspace       used 25712K, capacity 25986K, committed 26240K, reserved 1073152K
  class space    used 3057K, capacity 3150K, committed 3200K, reserved 1048576K
GC Heap History (10 events):
Event: 2.054 GC heap before
{Heap before GC invocations=3 (full 0):
 PSYoungGen      total 33280K, used 33264K [0x0000000775100000, 0x0000000777400000, 0x00000007c0000000)
  eden space 30720K, 100% used [0x0000000775100000,0x0000000776f00000,0x0000000776f00000)
  from space 2560K, 99% used [0x0000000777180000,0x00000007773fc010,0x0000000777400000)
  to   space 2560K, 0% used [0x0000000776f00000,0x0000000776f00000,0x0000000777180000)
 ParOldGen       total 40960K, used 1057K [0x00000006df200000, 0x00000006e1a00000, 0x0000000775100000)
  object space 40960K, 2% used [0x00000006df200000,0x00000006df3085d8,0x00000006e1a00000)
 Metaspace       used 10766K, capacity 10868K, committed 11008K, reserved 1058816K
  class space    used 1197K, capacity 1234K, committed 1280K, reserved 1048576K
Event: 2.061 GC heap after
Heap after GC invocations=3 (full 0):
 PSYoungGen      total 33280K, used 2560K [0x0000000775100000, 0x0000000779200000, 0x00000007c0000000)
  eden space 30720K, 0% used [0x0000000775100000,0x0000000775100000,0x0000000776f00000)
  from space 2560K, 100% used [0x0000000776f00000,0x0000000777180000,0x0000000777180000)
  to   space 2560K, 0% used [0x0000000778f80000,0x0000000778f80000,0x0000000779200000)
 ParOldGen       total 40960K, used 3834K [0x00000006df200000, 0x00000006e1a00000, 0x0000000775100000)
  object space 40960K, 9% used [0x00000006df200000,0x00000006df5bead0,0x00000006e1a00000)
 Metaspace       used 10766K, capacity 10868K, committed 11008K, reserved 1058816K
  class space    used 1197K, capacity 1234K, committed 1280K, reserved 1048576K
}
Event: 3.098 GC heap before
{Heap before GC invocations=4 (full 0):
 PSYoungGen      total 33280K, used 33280K [0x0000000775100000, 0x0000000779200000, 0x00000007c0000000)
  eden space 30720K, 100% used [0x0000000775100000,0x0000000776f00000,0x0000000776f00000)
  from space 2560K, 100% used [0x0000000776f00000,0x0000000777180000,0x0000000777180000)
  to   space 2560K, 0% used [0x0000000778f80000,0x0000000778f80000,0x0000000779200000)
 ParOldGen       total 40960K, used 3834K [0x00000006df200000, 0x00000006e1a00000, 0x0000000775100000)
  object space 40960K, 9% used [0x00000006df200000,0x00000006df5bead0,0x00000006e1a00000)
 Metaspace       used 14936K, capacity 15046K, committed 15360K, reserved 1062912K
  class space    used 1622K, capacity 1667K, committed 1792K, reserved 1048576K
Event: 3.106 GC heap after
Heap after GC invocations=4 (full 0):
 PSYoungGen      total 64000K, used 2528K [0x0000000775100000, 0x0000000779200000, 0x00000007c0000000)
  eden space 61440K, 0% used [0x0000000775100000,0x0000000775100000,0x0000000778d00000)
  from space 2560K, 98% used [0x0000000778f80000,0x00000007791f8050,0x0000000779200000)
  to   space 2560K, 0% used [0x0000000778d00000,0x0000000778d00000,0x0000000778f80000)
 ParOldGen       total 40960K, used 7436K [0x00000006df200000, 0x00000006e1a00000, 0x0000000775100000)
  object space 40960K, 18% used [0x00000006df200000,0x00000006df9433a0,0x00000006e1a00000)
 Metaspace       used 14936K, capacity 15046K, committed 15360K, reserved 1062912K
  class space    used 1622K, capacity 1667K, committed 1792K, reserved 1048576K
}
Event: 4.252 GC heap before
{Heap before GC invocations=5 (full 0):
 PSYoungGen      total 64000K, used 63968K [0x0000000775100000, 0x0000000779200000, 0x00000007c0000000)
  eden space 61440K, 100% used [0x0000000775100000,0x0000000778d00000,0x0000000778d00000)
  from space 2560K, 98% used [0x0000000778f80000,0x00000007791f8050,0x0000000779200000)
  to   space 2560K, 0% used [0x0000000778d00000,0x0000000778d00000,0x0000000778f80000)
 ParOldGen       total 40960K, used 7436K [0x00000006df200000, 0x00000006e1a00000, 0x0000000775100000)
  object space 40960K, 18% used [0x00000006df200000,0x00000006df9433a0,0x00000006e1a00000)
 Metaspace       used 18453K, capacity 18676K, committed 18816K, reserved 1067008K
  class space    used 1996K, capacity 2090K, committed 2176K, reserved 1048576K
Event: 4.264 GC heap after
Heap after GC invocations=5 (full 0):
 PSYoungGen      total 64000K, used 2528K [0x0000000775100000, 0x0000000779200000, 0x00000007c0000000)
  eden space 61440K, 0% used [0x0000000775100000,0x0000000775100000,0x0000000778d00000)
  from space 2560K, 98% used [0x0000000778d00000,0x0000000778f78050,0x0000000778f80000)
  to   space 2560K, 0% used [0x0000000778f80000,0x0000000778f80000,0x0000000779200000)
 ParOldGen       total 40960K, used 11794K [0x00000006df200000, 0x00000006e1a00000, 0x0000000775100000)
  object space 40960K, 28% used [0x00000006df200000,0x00000006dfd84820,0x00000006e1a00000)
 Metaspace       used 18453K, capacity 18676K, committed 18816K, reserved 1067008K
  class space    used 1996K, capacity 2090K, committed 2176K, reserved 1048576K
}
Event: 5.074 GC heap before
{Heap before GC invocations=6 (full 0):
 PSYoungGen      total 64000K, used 38322K [0x0000000775100000, 0x0000000779200000, 0x00000007c0000000)
  eden space 61440K, 58% used [0x0000000775100000,0x00000007773f4aa0,0x0000000778d00000)
  from space 2560K, 98% used [0x0000000778d00000,0x0000000778f78050,0x0000000778f80000)
  to   space 2560K, 0% used [0x0000000778f80000,0x0000000778f80000,0x0000000779200000)
 ParOldGen       total 40960K, used 11794K [0x00000006df200000, 0x00000006e1a00000, 0x0000000775100000)
  object space 40960K, 28% used [0x00000006df200000,0x00000006dfd84820,0x00000006e1a00000)
 Metaspace       used 20819K, capacity 21038K, committed 21296K, reserved 1069056K
  class space    used 2349K, capacity 2429K, committed 2432K, reserved 1048576K
Event: 5.123 GC heap after
Heap after GC invocations=6 (full 0):
 PSYoungGen      total 64000K, used 2544K [0x0000000775100000, 0x0000000779200000, 0x00000007c0000000)
  eden space 61440K, 0% used [0x0000000775100000,0x0000000775100000,0x0000000778d00000)
  from space 2560K, 99% used [0x0000000778f80000,0x00000007791fc060,0x0000000779200000)
  to   space 2560K, 0% used [0x0000000778d00000,0x0000000778d00000,0x0000000778f80000)
 ParOldGen       total 40960K, used 17007K [0x00000006df200000, 0x00000006e1a00000, 0x0000000775100000)
  object space 40960K, 41% used [0x00000006df200000,0x00000006e029bdc0,0x00000006e1a00000)
 Metaspace       used 20819K, capacity 21038K, committed 21296K, reserved 1069056K
  class space    used 2349K, capacity 2429K, committed 2432K, reserved 1048576K
}
Event: 5.123 GC heap before
{Heap before GC invocations=7 (full 1):
 PSYoungGen      total 64000K, used 2544K [0x0000000775100000, 0x0000000779200000, 0x00000007c0000000)
  eden space 61440K, 0% used [0x0000000775100000,0x0000000775100000,0x0000000778d00000)
  from space 2560K, 99% used [0x0000000778f80000,0x00000007791fc060,0x0000000779200000)
  to   space 2560K, 0% used [0x0000000778d00000,0x0000000778d00000,0x0000000778f80000)
 ParOldGen       total 40960K, used 17007K [0x00000006df200000, 0x00000006e1a00000, 0x0000000775100000)
  object space 40960K, 41% used [0x00000006df200000,0x00000006e029bdc0,0x00000006e1a00000)
 Metaspace       used 20819K, capacity 21038K, committed 21296K, reserved 1069056K
  class space    used 2349K, capacity 2429K, committed 2432K, reserved 1048576K
Event: 5.264 GC heap after
Heap after GC invocations=7 (full 1):
 PSYoungGen      total 64000K, used 0K [0x0000000775100000, 0x0000000779200000, 0x00000007c0000000)
  eden space 61440K, 0% used [0x0000000775100000,0x0000000775100000,0x0000000778d00000)
  from space 2560K, 0% used [0x0000000778f80000,0x0000000778f80000,0x0000000779200000)
  to   space 2560K, 0% used [0x0000000778d00000,0x0000000778d00000,0x0000000778f80000)
 ParOldGen       total 47616K, used 16369K [0x00000006df200000, 0x00000006e2080000, 0x0000000775100000)
  object space 47616K, 34% used [0x00000006df200000,0x00000006e01fc510,0x00000006e2080000)
 Metaspace       used 20819K, capacity 21038K, committed 21296K, reserved 1069056K
  class space    used 2349K, capacity 2429K, committed 2432K, reserved 1048576K
}

