# JRE version: Java(TM) SE Runtime Environment (8.0_102-b14) (build 1.8.0_102-b14)
# Java VM: Java HotSpot(TM) 64-Bit Server VM (25.102-b14 mixed mode windows-amd64 compressed oops)
Heap:
 PSYoungGen      total 68096K, used 46887K [0x0000000775100000, 0x000000077db00000, 0x00000007c0000000)
  eden space 60928K, 65% used [0x0000000775100000,0x00000007777d1bf8,0x0000000778c80000)
  from space 7168K, 99% used [0x0000000778c80000,0x0000000779378020,0x0000000779380000)
  to   space 9728K, 0% used [0x000000077d180000,0x000000077d180000,0x000000077db00000)
 ParOldGen       total 40960K, used 10502K [0x00000006df200000, 0x00000006e1a00000, 0x0000000775100000)
  object space 40960K, 25% used [0x00000006df200000,0x00000006dfc41a10,0x00000006e1a00000)
 Metaspace       used 20276K, capacity 20514K, committed 20608K, reserved 1067008K
  class space    used 2277K, capacity 2359K, committed 2432K, reserved 1048576K
GC Heap History (10 events):
Event: 1.585 GC heap before
{Heap before GC invocations=3 (full 0):
 PSYoungGen      total 17920K, used 17904K [0x0000000775100000, 0x0000000776500000, 0x00000007c0000000)
  eden space 15360K, 100% used [0x0000000775100000,0x0000000776000000,0x0000000776000000)
  from space 2560K, 99% used [0x0000000776280000,0x00000007764fc030,0x0000000776500000)
  to   space 2560K, 0% used [0x0000000776000000,0x0000000776000000,0x0000000776280000)
 ParOldGen       total 40960K, used 1081K [0x00000006df200000, 0x00000006e1a00000, 0x0000000775100000)
  object space 40960K, 2% used [0x00000006df200000,0x00000006df30e5f8,0x00000006e1a00000)
 Metaspace       used 9849K, capacity 9966K, committed 10240K, reserved 1058816K
  class space    used 1115K, capacity 1169K, committed 1280K, reserved 1048576K
Event: 1.591 GC heap after
Heap after GC invocations=3 (full 0):
 PSYoungGen      total 17920K, used 2544K [0x0000000775100000, 0x0000000777400000, 0x00000007c0000000)
  eden space 15360K, 0% used [0x0000000775100000,0x0000000775100000,0x0000000776000000)
  from space 2560K, 99% used [0x0000000776000000,0x000000077627c030,0x0000000776280000)
  to   space 2560K, 0% used [0x0000000777180000,0x0000000777180000,0x0000000777400000)
 ParOldGen       total 40960K, used 2733K [0x00000006df200000, 0x00000006e1a00000, 0x0000000775100000)
  object space 40960K, 6% used [0x00000006df200000,0x00000006df4ab488,0x00000006e1a00000)
 Metaspace       used 9849K, capacity 9966K, committed 10240K, reserved 1058816K
  class space    used 1115K, capacity 1169K, committed 1280K, reserved 1048576K
}
Event: 1.762 GC heap before
{Heap before GC invocations=4 (full 0):
 PSYoungGen      total 17920K, used 17904K [0x0000000775100000, 0x0000000777400000, 0x00000007c0000000)
  eden space 15360K, 100% used [0x0000000775100000,0x0000000776000000,0x0000000776000000)
  from space 2560K, 99% used [0x0000000776000000,0x000000077627c030,0x0000000776280000)
  to   space 2560K, 0% used [0x0000000777180000,0x0000000777180000,0x0000000777400000)
 ParOldGen       total 40960K, used 2733K [0x00000006df200000, 0x00000006e1a00000, 0x0000000775100000)
  object space 40960K, 6% used [0x00000006df200000,0x00000006df4ab488,0x00000006e1a00000)
 Metaspace       used 10828K, capacity 10932K, committed 11264K, reserved 1058816K
  class space    used 1204K, capacity 1234K, committed 1280K, reserved 1048576K
Event: 1.767 GC heap after
Heap after GC invocations=4 (full 0):
 PSYoungGen      total 33280K, used 2560K [0x0000000775100000, 0x0000000777400000, 0x00000007c0000000)
  eden space 30720K, 0% used [0x0000000775100000,0x0000000775100000,0x0000000776f00000)
  from space 2560K, 100% used [0x0000000777180000,0x0000000777400000,0x0000000777400000)
  to   space 2560K, 0% used [0x0000000776f00000,0x0000000776f00000,0x0000000777180000)
 ParOldGen       total 40960K, used 3923K [0x00000006df200000, 0x00000006e1a00000, 0x0000000775100000)
  object space 40960K, 9% used [0x00000006df200000,0x00000006df5d4ca0,0x00000006e1a00000)
 Metaspace       used 10828K, capacity 10932K, committed 11264K, reserved 1058816K
  class space    used 1204K, capacity 1234K, committed 1280K, reserved 1048576K
}
Event: 2.509 GC heap before
{Heap before GC invocations=5 (full 0):
 PSYoungGen      total 33280K, used 33280K [0x0000000775100000, 0x0000000777400000, 0x00000007c0000000)
  eden space 30720K, 100% used [0x0000000775100000,0x0000000776f00000,0x0000000776f00000)
  from space 2560K, 100% used [0x0000000777180000,0x0000000777400000,0x0000000777400000)
  to   space 2560K, 0% used [0x0000000776f00000,0x0000000776f00000,0x0000000777180000)
 ParOldGen       total 40960K, used 3923K [0x00000006df200000, 0x00000006e1a00000, 0x0000000775100000)
  object space 40960K, 9% used [0x00000006df200000,0x00000006df5d4ca0,0x00000006e1a00000)
 Metaspace       used 15061K, capacity 15174K, committed 15360K, reserved 1062912K
  class space    used 1639K, capacity 1667K, committed 1792K, reserved 1048576K
Event: 2.519 GC heap after
Heap after GC invocations=5 (full 0):
 PSYoungGen      total 33280K, used 2544K [0x0000000775100000, 0x0000000779a00000, 0x00000007c0000000)
  eden space 30720K, 0% used [0x0000000775100000,0x0000000775100000,0x0000000776f00000)
  from space 2560K, 99% used [0x0000000776f00000,0x000000077717c060,0x0000000777180000)
  to   space 6656K, 0% used [0x0000000779380000,0x0000000779380000,0x0000000779a00000)
 ParOldGen       total 40960K, used 7547K [0x00000006df200000, 0x00000006e1a00000, 0x0000000775100000)
  object space 40960K, 18% used [0x00000006df200000,0x00000006df95ec60,0x00000006e1a00000)
 Metaspace       used 15061K, capacity 15174K, committed 15360K, reserved 1062912K
  class space    used 1639K, capacity 1667K, committed 1792K, reserved 1048576K
}
Event: 3.095 GC heap before
{Heap before GC invocations=6 (full 0):
 PSYoungGen      total 33280K, used 33264K [0x0000000775100000, 0x0000000779a00000, 0x00000007c0000000)
  eden space 30720K, 100% used [0x0000000775100000,0x0000000776f00000,0x0000000776f00000)
  from space 2560K, 99% used [0x0000000776f00000,0x000000077717c060,0x0000000777180000)
  to   space 6656K, 0% used [0x0000000779380000,0x0000000779380000,0x0000000779a00000)
 ParOldGen       total 40960K, used 7547K [0x00000006df200000, 0x00000006e1a00000, 0x0000000775100000)
  object space 40960K, 18% used [0x00000006df200000,0x00000006df95ec60,0x00000006e1a00000)
 Metaspace       used 17814K, capacity 17982K, committed 18176K, reserved 1064960K
  class space    used 1948K, capacity 2008K, committed 2048K, reserved 1048576K
Event: 3.108 GC heap after
Heap after GC invocations=6 (full 0):
 PSYoungGen      total 67584K, used 5686K [0x0000000775100000, 0x0000000779b00000, 0x00000007c0000000)
  eden space 60928K, 0% used [0x0000000775100000,0x0000000775100000,0x0000000778c80000)
  from space 6656K, 85% used [0x0000000779380000,0x000000077990da70,0x0000000779a00000)
  to   space 7168K, 0% used [0x0000000778c80000,0x0000000778c80000,0x0000000779380000)
 ParOldGen       total 40960K, used 7619K [0x00000006df200000, 0x00000006e1a00000, 0x0000000775100000)
  object space 40960K, 18% used [0x00000006df200000,0x00000006df970c70,0x00000006e1a00000)
 Metaspace       used 17814K, capacity 17982K, committed 18176K, reserved 1064960K
  class space    used 1948K, capacity 2008K, committed 2048K, reserved 1048576K
}
Event: 5.519 GC heap before
{Heap before GC invocations=7 (full 0):
 PSYoungGen      total 67584K, used 66614K [0x0000000775100000, 0x0000000779b00000, 0x00000007c0000000)
  eden space 60928K, 100% used [0x0000000775100000,0x0000000778c80000,0x0000000778c80000)
  from space 6656K, 85% used [0x0000000779380000,0x000000077990da70,0x0000000779a00000)
  to   space 7168K, 0% used [0x0000000778c80000,0x0000000778c80000,0x0000000779380000)
 ParOldGen       total 40960K, used 7619K [0x00000006df200000, 0x00000006e1a00000, 0x0000000775100000)
  object space 40960K, 18% used [0x00000006df200000,0x00000006df970c70,0x00000006e1a00000)
 Metaspace       used 18798K, capacity 19052K, committed 19328K, reserved 1067008K
  class space    used 2042K, capacity 2130K, committed 2176K, reserved 1048576K
Event: 5.542 GC heap after
Heap after GC invocations=7 (full 0):
 PSYoungGen      total 68096K, used 7136K [0x0000000775100000, 0x000000077db00000, 0x00000007c0000000)
  eden space 60928K, 0% used [0x0000000775100000,0x0000000775100000,0x0000000778c80000)
  from space 7168K, 99% used [0x0000000778c80000,0x0000000779378020,0x0000000779380000)
  to   space 9728K, 0% used [0x000000077d180000,0x000000077d180000,0x000000077db00000)
 ParOldGen       total 40960K, used 10502K [0x00000006df200000, 0x00000006e1a00000, 0x0000000775100000)
  object space 40960K, 25% used [0x00000006df200000,0x00000006dfc41a10,0x00000006e1a00000)
 Metaspace       used 18798K, capacity 19052K, committed 19328K, reserved 1067008K
  class space    used 2042K, capacity 2130K, committed 2176K, reserved 1048576K
}

