# JRE version: Java(TM) SE Runtime Environment (8.0_102-b14) (build 1.8.0_102-b14)
# Java VM: Java HotSpot(TM) 64-Bit Server VM (25.102-b14 mixed mode windows-amd64 compressed oops)
Heap:
 PSYoungGen      total 130048K, used 9847K [0x0000000775100000, 0x000000077dd00000, 0x00000007c0000000)
  eden space 119808K, 1% used [0x0000000775100000,0x000000077533ecc0,0x000000077c600000)
  from space 10240K, 73% used [0x000000077d100000,0x000000077d85f088,0x000000077db00000)
  to   space 11264K, 0% used [0x000000077c600000,0x000000077c600000,0x000000077d100000)
 ParOldGen       total 41472K, used 17174K [0x00000006df200000, 0x00000006e1a80000, 0x0000000775100000)
  object space 41472K, 41% used [0x00000006df200000,0x00000006e02c5a90,0x00000006e1a80000)
 Metaspace       used 27003K, capacity 27484K, committed 27648K, reserved 1073152K
  class space    used 3127K, capacity 3274K, committed 3328K, reserved 1048576K
GC Heap History (10 events):
Event: 17.384 GC heap before
{Heap before GC invocations=7 (full 0):
 PSYoungGen      total 67072K, used 67046K [0x0000000775100000, 0x0000000779c00000, 0x00000007c0000000)
  eden space 60416K, 100% used [0x0000000775100000,0x0000000778c00000,0x0000000778c00000)
  from space 6656K, 99% used [0x0000000779380000,0x00000007799f9b38,0x0000000779a00000)
  to   space 7680K, 0% used [0x0000000778c00000,0x0000000778c00000,0x0000000779380000)
 ParOldGen       total 40960K, used 6972K [0x00000006df200000, 0x00000006e1a00000, 0x0000000775100000)
  object space 40960K, 17% used [0x00000006df200000,0x00000006df8cf140,0x00000006e1a00000)
 Metaspace       used 18853K, capacity 19066K, committed 19328K, reserved 1067008K
  class space    used 2043K, capacity 2132K, committed 2176K, reserved 1048576K
Event: 17.551 GC heap after
Heap after GC invocations=7 (full 0):
 PSYoungGen      total 68096K, used 7648K [0x0000000775100000, 0x000000077db00000, 0x00000007c0000000)
  eden space 60416K, 0% used [0x0000000775100000,0x0000000775100000,0x0000000778c00000)
  from space 7680K, 99% used [0x0000000778c00000,0x0000000779378080,0x0000000779380000)
  to   space 10240K, 0% used [0x000000077d100000,0x000000077d100000,0x000000077db00000)
 ParOldGen       total 40960K, used 9594K [0x00000006df200000, 0x00000006e1a00000, 0x0000000775100000)
  object space 40960K, 23% used [0x00000006df200000,0x00000006dfb5e8d8,0x00000006e1a00000)
 Metaspace       used 18853K, capacity 19066K, committed 19328K, reserved 1067008K
  class space    used 2043K, capacity 2132K, committed 2176K, reserved 1048576K
}
Event: 19.188 GC heap before
{Heap before GC invocations=8 (full 0):
 PSYoungGen      total 68096K, used 68064K [0x0000000775100000, 0x000000077db00000, 0x00000007c0000000)
  eden space 60416K, 100% used [0x0000000775100000,0x0000000778c00000,0x0000000778c00000)
  from space 7680K, 99% used [0x0000000778c00000,0x0000000779378080,0x0000000779380000)
  to   space 10240K, 0% used [0x000000077d100000,0x000000077d100000,0x000000077db00000)
 ParOldGen       total 40960K, used 9594K [0x00000006df200000, 0x00000006e1a00000, 0x0000000775100000)
  object space 40960K, 23% used [0x00000006df200000,0x00000006dfb5e8d8,0x00000006e1a00000)
 Metaspace       used 19108K, capacity 19348K, committed 19584K, reserved 1067008K
  class space    used 2053K, capacity 2138K, committed 2176K, reserved 1048576K
Event: 19.233 GC heap after
Heap after GC invocations=8 (full 0):
 PSYoungGen      total 130048K, used 7904K [0x0000000775100000, 0x000000077dd00000, 0x00000007c0000000)
  eden space 119808K, 0% used [0x0000000775100000,0x0000000775100000,0x000000077c600000)
  from space 10240K, 77% used [0x000000077d100000,0x000000077d8b8030,0x000000077db00000)
  to   space 11264K, 0% used [0x000000077c600000,0x000000077c600000,0x000000077d100000)
 ParOldGen       total 40960K, used 9810K [0x00000006df200000, 0x00000006e1a00000, 0x0000000775100000)
  object space 40960K, 23% used [0x00000006df200000,0x00000006dfb948d8,0x00000006e1a00000)
 Metaspace       used 19108K, capacity 19348K, committed 19584K, reserved 1067008K
  class space    used 2053K, capacity 2138K, committed 2176K, reserved 1048576K
}
Event: 24.269 GC heap before
{Heap before GC invocations=9 (full 0):
 PSYoungGen      total 130048K, used 27058K [0x0000000775100000, 0x000000077dd00000, 0x00000007c0000000)
  eden space 119808K, 15% used [0x0000000775100000,0x00000007763b48a0,0x000000077c600000)
  from space 10240K, 77% used [0x000000077d100000,0x000000077d8b8030,0x000000077db00000)
  to   space 11264K, 0% used [0x000000077c600000,0x000000077c600000,0x000000077d100000)
 ParOldGen       total 40960K, used 9810K [0x00000006df200000, 0x00000006e1a00000, 0x0000000775100000)
  object space 40960K, 23% used [0x00000006df200000,0x00000006dfb948d8,0x00000006e1a00000)
 Metaspace       used 21011K, capacity 21248K, committed 21296K, reserved 1069056K
  class space    used 2345K, capacity 2430K, committed 2432K, reserved 1048576K
Event: 24.319 GC heap after
Heap after GC invocations=9 (full 0):
 PSYoungGen      total 131072K, used 6048K [0x0000000775100000, 0x000000077dd00000, 0x00000007c0000000)
  eden space 119808K, 0% used [0x0000000775100000,0x0000000775100000,0x000000077c600000)
  from space 11264K, 53% used [0x000000077c600000,0x000000077cbe8000,0x000000077d100000)
  to   space 10240K, 0% used [0x000000077d100000,0x000000077d100000,0x000000077db00000)
 ParOldGen       total 40960K, used 13270K [0x00000006df200000, 0x00000006e1a00000, 0x0000000775100000)
  object space 40960K, 32% used [0x00000006df200000,0x00000006dfef5af0,0x00000006e1a00000)
 Metaspace       used 21011K, capacity 21248K, committed 21296K, reserved 1069056K
  class space    used 2345K, capacity 2430K, committed 2432K, reserved 1048576K
}
Event: 24.319 GC heap before
{Heap before GC invocations=10 (full 1):
 PSYoungGen      total 131072K, used 6048K [0x0000000775100000, 0x000000077dd00000, 0x00000007c0000000)
  eden space 119808K, 0% used [0x0000000775100000,0x0000000775100000,0x000000077c600000)
  from space 11264K, 53% used [0x000000077c600000,0x000000077cbe8000,0x000000077d100000)
  to   space 10240K, 0% used [0x000000077d100000,0x000000077d100000,0x000000077db00000)
 ParOldGen       total 40960K, used 13270K [0x00000006df200000, 0x00000006e1a00000, 0x0000000775100000)
  object space 40960K, 32% used [0x00000006df200000,0x00000006dfef5af0,0x00000006e1a00000)
 Metaspace       used 21011K, capacity 21248K, committed 21296K, reserved 1069056K
  class space    used 2345K, capacity 2430K, committed 2432K, reserved 1048576K
Event: 24.606 GC heap after
Heap after GC invocations=10 (full 1):
 PSYoungGen      total 131072K, used 0K [0x0000000775100000, 0x000000077dd00000, 0x00000007c0000000)
  eden space 119808K, 0% used [0x0000000775100000,0x0000000775100000,0x000000077c600000)
  from space 11264K, 0% used [0x000000077c600000,0x000000077c600000,0x000000077d100000)
  to   space 10240K, 0% used [0x000000077d100000,0x000000077d100000,0x000000077db00000)
 ParOldGen       total 41472K, used 17166K [0x00000006df200000, 0x00000006e1a80000, 0x0000000775100000)
  object space 41472K, 41% used [0x00000006df200000,0x00000006e02c3a90,0x00000006e1a80000)
 Metaspace       used 21011K, capacity 21248K, committed 21296K, reserved 1069056K
  class space    used 2345K, capacity 2430K, committed 2432K, reserved 1048576K
}
Event: 145.687 GC heap before
{Heap before GC invocations=11 (full 1):
 PSYoungGen      total 131072K, used 119808K [0x0000000775100000, 0x000000077dd00000, 0x00000007c0000000)
  eden space 119808K, 100% used [0x0000000775100000,0x000000077c600000,0x000000077c600000)
  from space 11264K, 0% used [0x000000077c600000,0x000000077c600000,0x000000077d100000)
  to   space 10240K, 0% used [0x000000077d100000,0x000000077d100000,0x000000077db00000)
 ParOldGen       total 41472K, used 17166K [0x00000006df200000, 0x00000006e1a80000, 0x0000000775100000)
  object space 41472K, 41% used [0x00000006df200000,0x00000006e02c3a90,0x00000006e1a80000)
 Metaspace       used 26963K, capacity 27420K, committed 27648K, reserved 1073152K
  class space    used 3127K, capacity 3274K, committed 3328K, reserved 1048576K
Event: 145.701 GC heap after
Heap after GC invocations=11 (full 1):
 PSYoungGen      total 130048K, used 7548K [0x0000000775100000, 0x000000077dd00000, 0x00000007c0000000)
  eden space 119808K, 0% used [0x0000000775100000,0x0000000775100000,0x000000077c600000)
  from space 10240K, 73% used [0x000000077d100000,0x000000077d85f088,0x000000077db00000)
  to   space 11264K, 0% used [0x000000077c600000,0x000000077c600000,0x000000077d100000)
 ParOldGen       total 41472K, used 17174K [0x00000006df200000, 0x00000006e1a80000, 0x0000000775100000)
  object space 41472K, 41% used [0x00000006df200000,0x00000006e02c5a90,0x00000006e1a80000)
 Metaspace       used 26963K, capacity 27420K, committed 27648K, reserved 1073152K
  class space    used 3127K, capacity 3274K, committed 3328K, reserved 1048576K
}

